QKJR_Demo1(1)/app/build/outputs/logs/manifest-merger-debug-report.txt
-- Merging decision tree log ---
manifest
ADDED from src\main\AndroidManifest.xml:2:1-145:12
	package
		ADDED from src\main\AndroidManifest.xml:3:5-47
		INJECTED from src\main\AndroidManifest.xml
		INJECTED from src\main\AndroidManifest.xml
	android:versionName
		INJECTED from src\main\AndroidManifest.xml
		INJECTED from src\main\AndroidManifest.xml
	xmlns:android
		ADDED from src\main\AndroidManifest.xml:2:11-69
	android:versionCode
		INJECTED from src\main\AndroidManifest.xml
		INJECTED from src\main\AndroidManifest.xml
uses-permission#android.permission.ACCESS_WIFI_STATE
ADDED from src\main\AndroidManifest.xml:5:5-76
	android:name
		ADDED from src\main\AndroidManifest.xml:5:22-73
uses-permission#android.permission.BLUETOOTH
ADDED from src\main\AndroidManifest.xml:6:5-68
	android:name
		ADDED from src\main\AndroidManifest.xml:6:22-65
uses-permission#android.permission.BLUETOOTH_ADMIN
ADDED from src\main\AndroidManifest.xml:7:5-74
	android:name
		ADDED from src\main\AndroidManifest.xml:7:22-71
uses-permission#android.permission.READ_EXTERNAL_STORAGE
ADDED from src\main\AndroidManifest.xml:9:5-79
	android:name
		ADDED from src\main\AndroidManifest.xml:9:22-77
uses-permission#android.permission.WRITE_EXTERNAL_STORAGE
ADDED from src\main\AndroidManifest.xml:10:5-80
	android:name
		ADDED from src\main\AndroidManifest.xml:10:22-78
uses-permission#android.permission.CHANGE_WIFI_STATE
ADDED from src\main\AndroidManifest.xml:11:5-76
	android:name
		ADDED from src\main\AndroidManifest.xml:11:22-73
uses-permission#android.permission.INTERNET
ADDED from src\main\AndroidManifest.xml:12:5-66
	android:name
		ADDED from src\main\AndroidManifest.xml:12:22-64
uses-permission#android.permission.RECEIVE_SMS
ADDED from src\main\AndroidManifest.xml:15:5-86
	android:name
		ADDED from src\main\AndroidManifest.xml:15:22-67
uses-permission#android.permission.READ_SMS
ADDED from src\main\AndroidManifest.xml:16:5-83
	android:name
		ADDED from src\main\AndroidManifest.xml:16:22-64
uses-permission#android.permission.GET_TASKS
ADDED from src\main\AndroidManifest.xml:20:5-86
	android:name
		ADDED from src\main\AndroidManifest.xml:20:22-67
application
ADDED from src\main\AndroidManifest.xml:22:5-142:19
MERGED from [com.android.support:appcompat-v7:23.3.0] AndroidManifest.xml:25:5-20
MERGED from [com.android.support:support-vector-drawable:23.3.0] AndroidManifest.xml:7:5-20
MERGED from [com.android.support:support-v4:23.3.0] AndroidManifest.xml:22:5-20
MERGED from [com.android.support:animated-vector-drawable:23.3.0] AndroidManifest.xml:7:5-20
MERGED from [com.android.support:support-vector-drawable:23.3.0] AndroidManifest.xml:7:5-20
MERGED from [com.android.support:support-v4:23.3.0] AndroidManifest.xml:22:5-20
MERGED from [com.android.support:support-v4:23.3.0] AndroidManifest.xml:22:5-20
MERGED from [com.android.support:design:23.3.0] AndroidManifest.xml:22:5-20
MERGED from [com.android.support:appcompat-v7:23.3.0] AndroidManifest.xml:25:5-20
MERGED from [com.android.support:support-vector-drawable:23.3.0] AndroidManifest.xml:7:5-20
MERGED from [com.android.support:support-v4:23.3.0] AndroidManifest.xml:22:5-20
MERGED from [com.android.support:animated-vector-drawable:23.3.0] AndroidManifest.xml:7:5-20
MERGED from [com.android.support:support-vector-drawable:23.3.0] AndroidManifest.xml:7:5-20
MERGED from [com.android.support:support-v4:23.3.0] AndroidManifest.xml:22:5-20
MERGED from [com.android.support:support-v4:23.3.0] AndroidManifest.xml:22:5-20
MERGED from [com.android.support:support-v4:23.3.0] AndroidManifest.xml:22:5-20
MERGED from [com.android.support:support-v4:23.3.0] AndroidManifest.xml:22:5-20
	android:label
		ADDED from src\main\AndroidManifest.xml:24:9-41
	android:icon
		ADDED from src\main\AndroidManifest.xml:23:9-39
	android:theme
		ADDED from src\main\AndroidManifest.xml:25:9-40
	android:name
		ADDED from src\main\AndroidManifest.xml:26:9-50
activity#business.WelcomeActivity
ADDED from src\main\AndroidManifest.xml:28:9-37:20
	android:label
		ADDED from src\main\AndroidManifest.xml:30:13-45
	android:theme
		ADDED from src\main\AndroidManifest.xml:31:13-56
	android:name
		ADDED from src\main\AndroidManifest.xml:29:13-52
intent-filter#android.intent.action.MAIN+android.intent.category.LAUNCHER
ADDED from src\main\AndroidManifest.xml:32:13-36:29
action#android.intent.action.MAIN
ADDED from src\main\AndroidManifest.xml:33:17-69
	android:name
		ADDED from src\main\AndroidManifest.xml:33:25-66
category#android.intent.category.LAUNCHER
ADDED from src\main\AndroidManifest.xml:35:17-77
	android:name
		ADDED from src\main\AndroidManifest.xml:35:27-74
activity#com.example.zhuzhuxia.qkjr_demo1.MainActivity
ADDED from src\main\AndroidManifest.xml:39:9-42:15
	android:launchMode
		ADDED from src\main\AndroidManifest.xml:40:13-43
	android:theme
		ADDED from src\main\AndroidManifest.xml:41:13-56
	android:name
		ADDED from src\main\AndroidManifest.xml:39:19-47
activity#business.ApplyRecordActivity
ADDED from src\main\AndroidManifest.xml:43:9-46:15
	android:launchMode
		ADDED from src\main\AndroidManifest.xml:44:13-43
	android:theme
		ADDED from src\main\AndroidManifest.xml:45:13-56
	android:name
		ADDED from src\main\AndroidManifest.xml:43:19-62
activity#business.RepayPlanActivity
ADDED from src\main\AndroidManifest.xml:47:9-50:15
	android:launchMode
		ADDED from src\main\AndroidManifest.xml:48:13-43
	android:theme
		ADDED from src\main\AndroidManifest.xml:49:13-56
	android:name
		ADDED from src\main\AndroidManifest.xml:47:19-60
activity#business.MainActivity
ADDED from src\main\AndroidManifest.xml:51:9-53:58
	android:launchMode
		ADDED from src\main\AndroidManifest.xml:52:13-43
	android:theme
		ADDED from src\main\AndroidManifest.xml:53:13-56
	android:name
		ADDED from src\main\AndroidManifest.xml:51:19-55
activity#business.PersonalCenterActivity
ADDED from src\main\AndroidManifest.xml:55:9-57:58
	android:launchMode
		ADDED from src\main\AndroidManifest.xml:56:13-43
	android:theme
		ADDED from src\main\AndroidManifest.xml:57:13-56
	android:name
		ADDED from src\main\AndroidManifest.xml:55:19-65
activity#business.LogActivity
ADDED from src\main\AndroidManifest.xml:59:9-61:58
	android:launchMode
		ADDED from src\main\AndroidManifest.xml:60:13-43
	android:theme
		ADDED from src\main\AndroidManifest.xml:61:13-56
	android:name
		ADDED from src\main\AndroidManifest.xml:59:19-54
activity#business.RegistActivity
ADDED from src\main\AndroidManifest.xml:63:9-65:58
	android:launchMode
		ADDED from src\main\AndroidManifest.xml:64:13-43
	android:theme
		ADDED from src\main\AndroidManifest.xml:65:13-56
	android:name
		ADDED from src\main\AndroidManifest.xml:63:19-57
activity#business.BindBankCards
ADDED from src\main\AndroidManifest.xml:67:9-69:58
	android:launchMode
		ADDED from src\main\AndroidManifest.xml:68:13-43
	android:theme
		ADDED from src\main\AndroidManifest.xml:69:13-56
	android:name
		ADDED from src\main\AndroidManifest.xml:67:19-56
activity#business.Loan1Activity
ADDED from src\main\AndroidManifest.xml:71:9-73:58
	android:launchMode
		ADDED from src\main\AndroidManifest.xml:72:13-43
	android:theme
		ADDED from src\main\AndroidManifest.xml:73:13-56
	android:name
		ADDED from src\main\AndroidManifest.xml:71:19-56
activity#business.VertifyIdentifyActivity
ADDED from src\main\AndroidManifest.xml:76:9-78:58
	android:launchMode
		ADDED from src\main\AndroidManifest.xml:77:13-43
	android:theme
		ADDED from src\main\AndroidManifest.xml:78:13-56
	android:name
		ADDED from src\main\AndroidManifest.xml:76:19-66
activity#business.Repay1Activity
ADDED from src\main\AndroidManifest.xml:80:9-83:15
	android:launchMode
		ADDED from src\main\AndroidManifest.xml:81:13-43
	android:theme
		ADDED from src\main\AndroidManifest.xml:82:13-56
	android:name
		ADDED from src\main\AndroidManifest.xml:80:19-57
activity#business.Repay2Activity
ADDED from src\main\AndroidManifest.xml:85:9-88:15
	android:launchMode
		ADDED from src\main\AndroidManifest.xml:86:13-43
	android:theme
		ADDED from src\main\AndroidManifest.xml:87:13-56
	android:name
		ADDED from src\main\AndroidManifest.xml:85:19-57
activity#business.Repay3Activity
ADDED from src\main\AndroidManifest.xml:90:9-93:15
	android:launchMode
		ADDED from src\main\AndroidManifest.xml:91:13-43
	android:theme
		ADDED from src\main\AndroidManifest.xml:92:13-56
	android:name
		ADDED from src\main\AndroidManifest.xml:90:19-57
activity#business.MyCardsActivity
ADDED from src\main\AndroidManifest.xml:95:9-98:15
	android:launchMode
		ADDED from src\main\AndroidManifest.xml:96:13-43
	android:theme
		ADDED from src\main\AndroidManifest.xml:97:13-56
	android:name
		ADDED from src\main\AndroidManifest.xml:95:19-58
activity#business.BindCardFinishActivity
ADDED from src\main\AndroidManifest.xml:100:9-103:15
	android:launchMode
		ADDED from src\main\AndroidManifest.xml:101:13-43
	android:theme
		ADDED from src\main\AndroidManifest.xml:102:13-56
	android:name
		ADDED from src\main\AndroidManifest.xml:100:19-65
activity#business.AddInfo1Activity
ADDED from src\main\AndroidManifest.xml:105:9-108:15
	android:launchMode
		ADDED from src\main\AndroidManifest.xml:106:13-43
	android:theme
		ADDED from src\main\AndroidManifest.xml:107:13-56
	android:name
		ADDED from src\main\AndroidManifest.xml:105:19-59
activity#business.MyInfoActivity
ADDED from src\main\AndroidManifest.xml:110:9-113:15
	android:launchMode
		ADDED from src\main\AndroidManifest.xml:111:13-43
	android:theme
		ADDED from src\main\AndroidManifest.xml:112:13-56
	android:name
		ADDED from src\main\AndroidManifest.xml:110:19-57
activity#business.TradeHistroryActivity
ADDED from src\main\AndroidManifest.xml:114:9-117:15
	android:launchMode
		ADDED from src\main\AndroidManifest.xml:115:13-43
	android:theme
		ADDED from src\main\AndroidManifest.xml:116:13-56
	android:name
		ADDED from src\main\AndroidManifest.xml:114:19-64
activity#business.AuthenticationActivity
ADDED from src\main\AndroidManifest.xml:119:9-122:15
	android:launchMode
		ADDED from src\main\AndroidManifest.xml:120:13-43
	android:theme
		ADDED from src\main\AndroidManifest.xml:121:13-56
	android:name
		ADDED from src\main\AndroidManifest.xml:119:19-65
activity#business.CompleteinfoActivity
ADDED from src\main\AndroidManifest.xml:123:9-126:15
	android:launchMode
		ADDED from src\main\AndroidManifest.xml:124:13-43
	android:theme
		ADDED from src\main\AndroidManifest.xml:125:13-56
	android:name
		ADDED from src\main\AndroidManifest.xml:123:19-63
activity#business.CompleteInfoActivity2
ADDED from src\main\AndroidManifest.xml:128:9-131:15
	android:launchMode
		ADDED from src\main\AndroidManifest.xml:129:13-43
	android:theme
		ADDED from src\main\AndroidManifest.xml:130:13-56
	android:name
		ADDED from src\main\AndroidManifest.xml:128:19-64
activity#business.CompleteInfoActivity3
ADDED from src\main\AndroidManifest.xml:132:9-135:15
	android:launchMode
		ADDED from src\main\AndroidManifest.xml:133:13-43
	android:theme
		ADDED from src\main\AndroidManifest.xml:134:13-56
	android:name
		ADDED from src\main\AndroidManifest.xml:132:19-64
activity#business.ShowInfoActivity
ADDED from src\main\AndroidManifest.xml:136:9-139:15
	android:launchMode
		ADDED from src\main\AndroidManifest.xml:137:13-43
	android:theme
		ADDED from src\main\AndroidManifest.xml:138:13-56
	android:name
		ADDED from src\main\AndroidManifest.xml:136:19-59
uses-sdk
INJECTED from src\main\AndroidManifest.xml reason: use-sdk injection requested
MERGED from [com.android.support:appcompat-v7:23.3.0] AndroidManifest.xml:21:5-23:78
MERGED from [com.android.support:support-vector-drawable:23.3.0] AndroidManifest.xml:5:5-43
MERGED from [com.android.support:support-v4:23.3.0] AndroidManifest.xml:20:5-43
MERGED from [com.android.support:animated-vector-drawable:23.3.0] AndroidManifest.xml:5:5-44
MERGED from [com.android.support:support-vector-drawable:23.3.0] AndroidManifest.xml:5:5-43
MERGED from [com.android.support:support-v4:23.3.0] AndroidManifest.xml:20:5-43
MERGED from [com.android.support:support-v4:23.3.0] AndroidManifest.xml:20:5-43
MERGED from [com.android.support:design:23.3.0] AndroidManifest.xml:20:5-43
MERGED from [com.android.support:appcompat-v7:23.3.0] AndroidManifest.xml:21:5-23:78
MERGED from [com.android.support:support-vector-drawable:23.3.0] AndroidManifest.xml:5:5-43
MERGED from [com.android.support:support-v4:23.3.0] AndroidManifest.xml:20:5-43
MERGED from [com.android.support:animated-vector-drawable:23.3.0] AndroidManifest.xml:5:5-44
MERGED from [com.android.support:support-vector-drawable:23.3.0] AndroidManifest.xml:5:5-43
MERGED from [com.android.support:support-v4:23.3.0] AndroidManifest.xml:20:5-43
MERGED from [com.android.support:support-v4:23.3.0] AndroidManifest.xml:20:5-43
MERGED from [com.android.support:support-v4:23.3.0] AndroidManifest.xml:20:5-43
MERGED from [com.android.support:recyclerview-v7:23.3.0] AndroidManifest.xml:20:5-43
MERGED from [com.android.support:support-v4:23.3.0] AndroidManifest.xml:20:5-43
	tools:overrideLibrary
		ADDED from [com.android.support:appcompat-v7:23.3.0] AndroidManifest.xml:23:9-75
	android:targetSdkVersion
		INJECTED from src\main\AndroidManifest.xml
		INJECTED from src\main\AndroidManifest.xml
	android:minSdkVersion
		INJECTED from src\main\AndroidManifest.xml
		INJECTED from src\main\AndroidManifest.xml